.class com.legendshop.BaseAttributeKeys BaseAttributeKeys
.class com.legendshop.annotation.RequestMapping RequestMapping
.class com.legendshop.command.framework.Command Command
.class com.legendshop.command.framework.AbstractCommand AbstractCommand
.field com.legendshop.command.framework.AbstractCommand beanName Ljava/lang/String; _$1
.field com.legendshop.command.framework.AbstractCommand errorHandler Lcom/legendshop/command/framework/ErrorHandler; _$2
.class com.legendshop.command.framework.ErrorHandler ErrorHandler
.class com.legendshop.command.framework.DataTransferObject DataTransferObject
.field com.legendshop.command.framework.DataTransferObject values Ljava/util/Map; _$1
.class com.legendshop.command.framework.Response Response
.field com.legendshop.command.framework.Response state Lcom/legendshop/command/framework/State; _$2
.field com.legendshop.command.framework.Response retCode I _$3
.class com.legendshop.command.framework.State State
.class com.legendshop.command.framework.AppFini AppFini
.class com.legendshop.command.framework.AppInit AppInit
.class com.legendshop.command.framework.Processor Processor
.class com.legendshop.command.framework.BaseProcessor BaseProcessor
.field com.legendshop.command.framework.BaseProcessor errorHandler Lcom/legendshop/command/framework/ErrorHandler; _$1
.field com.legendshop.command.framework.BaseProcessor activities Ljava/util/List; _$2
.field com.legendshop.command.framework.BaseProcessor beanName Ljava/lang/String; _$3
.class com.legendshop.command.framework.Request Request
.field com.legendshop.command.framework.Request ServiceName Ljava/lang/String; _$2
.class com.legendshop.command.framework.ClientException ClientException
.field com.legendshop.command.framework.ClientException errorCode Ljava/lang/String; _$1
.class com.legendshop.command.framework.ErrorCode ErrorCode
.class com.legendshop.command.framework.GoOnException GoOnException
.field com.legendshop.command.framework.GoOnException errorCode Ljava/lang/String; _$1
.field com.legendshop.command.framework.GoOnException exceptionCause Ljava/lang/Throwable; _$2
.class com.legendshop.command.framework.JCFErrorHandler JCFErrorHandler
.field com.legendshop.command.framework.JCFErrorHandler logger Lorg/apache/log4j/Logger; _$1
.field com.legendshop.command.framework.JCFErrorHandler beanName Ljava/lang/String; _$2
.class com.legendshop.command.framework.JCFException JCFException
.field com.legendshop.command.framework.JCFException errorCode Ljava/lang/String; _$1
.field com.legendshop.command.framework.JCFException exceptionCause Ljava/lang/Throwable; _$2
.class com.legendshop.command.framework.RunByResultProcessor RunByResultProcessor
.method com.legendshop.command.framework.RunByResultProcessor listtoMap (Ljava/util/List;)Ljava/util/Map; _$1
.field com.legendshop.command.framework.RunByResultProcessor firstActivities Ljava/lang/String; _$4
.field com.legendshop.command.framework.RunByResultProcessor logger Lorg/apache/log4j/Logger; _$5
.class com.legendshop.command.framework.SequenceProcessor SequenceProcessor
.field com.legendshop.command.framework.SequenceProcessor logger Lorg/apache/log4j/Logger; _$4
.class com.legendshop.command.framework.StateImpl StateImpl
.field com.legendshop.command.framework.StateImpl throwable Ljava/lang/Throwable; _$1
.field com.legendshop.command.framework.StateImpl errCode Ljava/lang/String; _$2
.class com.legendshop.command.framework.facade.BizDelegate BizDelegate
.class com.legendshop.command.framework.facade.AbstractBizDelegate AbstractBizDelegate
.field com.legendshop.command.framework.facade.AbstractBizDelegate delegate Lcom/legendshop/command/framework/facade/DelegateType; _$1
.class com.legendshop.command.framework.facade.DelegateType DelegateType
.class com.legendshop.command.framework.facade.BaseMDB BaseMDB
.field com.legendshop.command.framework.facade.BaseMDB globalInit Z _$1
.field com.legendshop.command.framework.facade.BaseMDB initLock Ljava/lang/Object; _$2
.field com.legendshop.command.framework.facade.BaseMDB logger Lorg/apache/log4j/Logger; _$3
.class com.legendshop.command.framework.facade.BizFacadeHome BizFacadeHome
.class com.legendshop.command.framework.facade.BizFacadeRemote BizFacadeRemote
.class com.legendshop.command.framework.facade.DelegateUtil DelegateUtil
.field com.legendshop.command.framework.facade.DelegateUtil logger Lorg/apache/log4j/Logger; _$1
.class com.legendshop.command.framework.facade.EjbDelegate EjbDelegate
.field com.legendshop.command.framework.facade.EjbDelegate state Z _$1
.field com.legendshop.command.framework.facade.EjbDelegate home Lcom/legendshop/command/framework/facade/BizFacadeHome; _$2
.field com.legendshop.command.framework.facade.EjbDelegate logger Lorg/apache/log4j/Logger; _$3
.class com.legendshop.command.framework.facade.POJODelegate POJODelegate
.field com.legendshop.command.framework.facade.POJODelegate state Z _$1
.field com.legendshop.command.framework.facade.POJODelegate facade Lcom/legendshop/command/framework/facade/PojoSessionFacade; _$2
.field com.legendshop.command.framework.facade.POJODelegate logger Lorg/apache/log4j/Logger; _$3
.class com.legendshop.command.framework.facade.PojoSessionFacade PojoSessionFacade
.field com.legendshop.command.framework.facade.PojoSessionFacade beanFactory Lorg/springframework/beans/factory/BeanFactory; _$1
.class com.legendshop.command.framework.facade.SessionFacade SessionFacade
.field com.legendshop.command.framework.facade.SessionFacade jndiCtx Ljavax/naming/Context; _$1
.field com.legendshop.command.framework.facade.SessionFacade initLock Ljava/lang/Object; _$2
.field com.legendshop.command.framework.facade.SessionFacade globalInit Z _$3
.class com.legendshop.command.framework.facade.SessionFacadeUtil SessionFacadeUtil
.method com.legendshop.command.framework.facade.SessionFacadeUtil padHex (Ljava/lang/String;I)Ljava/lang/String; _$1
.method com.legendshop.command.framework.facade.SessionFacadeUtil hexFormat (II)Ljava/lang/String; _$1
.method com.legendshop.command.framework.facade.SessionFacadeUtil getInt ([B)I _$1
.field com.legendshop.command.framework.facade.SessionFacadeUtil seeder Ljava/security/SecureRandom; _$1
.field com.legendshop.command.framework.facade.SessionFacadeUtil hexServerIP Ljava/lang/String; _$2
.method com.legendshop.command.framework.facade.SessionFacadeUtil lookupHome (Ljava/util/Hashtable;Ljava/lang/String;Ljava/lang/Class;)Ljava/lang/Object; _$1
.field com.legendshop.command.framework.facade.SessionFacadeUtil cachedRemoteHome Lcom/legendshop/command/framework/facade/BizFacadeHome; _$3
.class com.legendshop.command.framework.servicerepository.IMetaData IMetaData
.class com.legendshop.command.framework.servicerepository.EJBMetaData EJBMetaData
.method com.legendshop.command.framework.servicerepository.EJBMetaData newEJBHome (Ljava/lang/String;)Ljava/lang/Object; _$1
.field com.legendshop.command.framework.servicerepository.EJBMetaData containers Ljava/util/Map; _$1
.field com.legendshop.command.framework.servicerepository.EJBMetaData homeClassName Ljava/lang/String; _$2
.field com.legendshop.command.framework.servicerepository.EJBMetaData name Ljava/lang/String; _$3
.field com.legendshop.command.framework.servicerepository.EJBMetaData log Lorg/apache/log4j/Logger; _$4
.class com.legendshop.command.framework.servicerepository.JMSQueueMetaData JMSQueueMetaData
.method com.legendshop.command.framework.servicerepository.JMSQueueMetaData initializeQueue ()V _$1
.field com.legendshop.command.framework.servicerepository.JMSQueueMetaData init Z _$1
.field com.legendshop.command.framework.servicerepository.JMSQueueMetaData queue Ljavax/jms/Queue; _$2
.field com.legendshop.command.framework.servicerepository.JMSQueueMetaData factory Ljavax/jms/QueueConnectionFactory; _$3
.field com.legendshop.command.framework.servicerepository.JMSQueueMetaData url Ljava/lang/String; _$4
.field com.legendshop.command.framework.servicerepository.JMSQueueMetaData jmsQueueName Ljava/lang/String; _$5
.field com.legendshop.command.framework.servicerepository.JMSQueueMetaData jmsFactoryName Ljava/lang/String; _$6
.field com.legendshop.command.framework.servicerepository.JMSQueueMetaData name Ljava/lang/String; _$7
.field com.legendshop.command.framework.servicerepository.JMSQueueMetaData logger Lorg/apache/log4j/Logger; _$8
.class com.legendshop.command.framework.servicerepository.JMSTopicMetaData JMSTopicMetaData
.method com.legendshop.command.framework.servicerepository.JMSTopicMetaData initializeTopic ()V _$1
.field com.legendshop.command.framework.servicerepository.JMSTopicMetaData init Z _$1
.field com.legendshop.command.framework.servicerepository.JMSTopicMetaData topic Ljavax/jms/Topic; _$2
.field com.legendshop.command.framework.servicerepository.JMSTopicMetaData factory Ljavax/jms/TopicConnectionFactory; _$3
.field com.legendshop.command.framework.servicerepository.JMSTopicMetaData url Ljava/lang/String; _$4
.field com.legendshop.command.framework.servicerepository.JMSTopicMetaData jmsTopicName Ljava/lang/String; _$5
.field com.legendshop.command.framework.servicerepository.JMSTopicMetaData jmsFactoryName Ljava/lang/String; _$6
.field com.legendshop.command.framework.servicerepository.JMSTopicMetaData name Ljava/lang/String; _$7
.field com.legendshop.command.framework.servicerepository.JMSTopicMetaData logger Lorg/apache/log4j/Logger; _$8
.class com.legendshop.command.framework.servicerepository.ObjectMetaData ObjectMetaData
.field com.legendshop.command.framework.servicerepository.ObjectMetaData url Ljava/lang/String; _$1
.field com.legendshop.command.framework.servicerepository.ObjectMetaData name Ljava/lang/String; _$2
.class com.legendshop.command.framework.servicerepository.ServiceConfig ServiceConfig
.field com.legendshop.command.framework.servicerepository.ServiceConfig document Lorg/dom4j/Document; _$1
.field com.legendshop.command.framework.servicerepository.ServiceConfig log Lorg/apache/log4j/Logger; _$2
.class com.legendshop.command.framework.servicerepository.ServiceLocator ServiceLocator
.field com.legendshop.command.framework.servicerepository.ServiceLocator state Z _$1
.field com.legendshop.command.framework.servicerepository.ServiceLocator springXmlFileContainer Ljava/util/Map; _$2
.field com.legendshop.command.framework.servicerepository.ServiceLocator metaDataContainer Ljava/util/Map; _$3
.field com.legendshop.command.framework.servicerepository.ServiceLocator envContainer Ljava/util/Map; _$4
.field com.legendshop.command.framework.servicerepository.ServiceLocator ctxContainer Ljava/util/Map; _$5
.field com.legendshop.command.framework.servicerepository.ServiceLocator log Lorg/apache/log4j/Logger; _$6
.field com.legendshop.command.framework.servicerepository.ServiceLocator singleton Lcom/legendshop/command/framework/servicerepository/ServiceLocator; _$7
.class com.legendshop.command.framework.servicerepository.ServiceRepositoryException ServiceRepositoryException
.class com.legendshop.event.BaseEventListener BaseEventListener
.class com.legendshop.event.AbstractEventListenerImpl AbstractEventListenerImpl
.field com.legendshop.event.AbstractEventListenerImpl order Ljava/lang/Integer; _$1
.field com.legendshop.event.AbstractEventListenerImpl eventId Ljava/lang/String; _$2
.class com.legendshop.event.SystemEvent SystemEvent
.field com.legendshop.event.SystemEvent eventId Lcom/legendshop/event/BaseEventId; _$1
.class com.legendshop.event.BaseEventId BaseEventId
.class com.legendshop.event.EventContext EventContext
.field com.legendshop.event.EventContext httpRequest Ljavax/servlet/http/HttpServletRequest; _$1
.field com.legendshop.event.EventContext responseId Ljava/lang/String; _$2
.field com.legendshop.event.EventContext requestId Ljava/lang/String; _$3
.class com.legendshop.event.EventHome$1 IIlllIIlIlIIlIII
.class com.legendshop.event.EventHome EventHome
.field com.legendshop.event.EventHome inited Z _$1
.field com.legendshop.event.EventHome listeners Ljava/util/Map<Ljava/lang/String;Ljava/util/List<Lcom/legendshop/event/BaseEventListener;>;>; _$2
.field com.legendshop.event.EventHome log Lorg/slf4j/Logger; _$3
.class com.legendshop.event.EventListenerImpl EventListenerImpl
.field com.legendshop.event.EventListenerImpl processors Ljava/util/List<Lcom/legendshop/event/processor/Processor<TT;>;>; _$3
.field com.legendshop.event.EventListenerImpl log Lorg/slf4j/Logger; _$4
.class com.legendshop.event.processor.Processor Processor
.class com.legendshop.event.GenericEvent GenericEvent
.class com.legendshop.event.TaskItem TaskItem
.class com.legendshop.event.processor.AbstractProcessor AbstractProcessor
.class com.legendshop.event.processor.BaseProcessor BaseProcessor
.class com.legendshop.event.processor.TaskRunner TaskRunner
.field com.legendshop.event.processor.TaskRunner processor Lcom/legendshop/event/processor/AbstractProcessor<TT;>; _$1
.field com.legendshop.event.processor.TaskRunner task TT; _$2
.class com.legendshop.event.processor.ThreadProcessor ThreadProcessor
.field com.legendshop.event.processor.ThreadProcessor taskExecutor Lorg/springframework/core/task/TaskExecutor; _$1
.field com.legendshop.event.processor.ThreadProcessor log Lorg/slf4j/Logger; _$2
.class com.legendshop.jdbc.Config Config
.field com.legendshop.jdbc.Config protectedPassword Ljava/lang/String; _$1
.field com.legendshop.jdbc.Config dbDriver Ljava/lang/String; _$2
.field com.legendshop.jdbc.Config dbConnectString Ljava/lang/String; _$3
.field com.legendshop.jdbc.Config dbPasswd Ljava/lang/String; _$4
.field com.legendshop.jdbc.Config dbUsername Ljava/lang/String; _$5
.field com.legendshop.jdbc.Config _instance Lcom/legendshop/jdbc/Config; _$6
.class com.legendshop.jdbc.DBManager DBManager
.field com.legendshop.jdbc.DBManager Pass Ljava/lang/String; _$1
.field com.legendshop.jdbc.DBManager User Ljava/lang/String; _$2
.field com.legendshop.jdbc.DBManager sConnStr Ljava/lang/String; _$3
.field com.legendshop.jdbc.DBManager sDBDriver Ljava/lang/String; _$4
.field com.legendshop.jdbc.DBManager instance Lcom/legendshop/jdbc/DBManager; _$5
.field com.legendshop.jdbc.DBManager log Lorg/slf4j/Logger; _$6
.class com.legendshop.page.TemplatePage TemplatePage
.field com.legendshop.page.TemplatePage pageNames Ljava/util/Set<Ljava/lang/String;>; _$1
.field com.legendshop.page.TemplatePage priority I _$2
.field com.legendshop.page.TemplatePage template Ljava/lang/String; _$3
.class com.legendshop.page.TemplatePageManager TemplatePageManager
.class com.legendshop.page.impl.TemplatePageManagerImpl TemplatePageManagerImpl
.field com.legendshop.page.impl.TemplatePageManagerImpl templates Ljava/util/Map<Ljava/lang/String;Ljava/util/List<Ljava/lang/String;>;>; _$1
.class com.legendshop.plugins.Plugin Plugin
.class com.legendshop.plugins.PluginStatusEnum PluginStatusEnum
.field com.legendshop.plugins.PluginStatusEnum $VALUES [Lcom/legendshop/plugins/PluginStatusEnum; _$1
.class com.legendshop.plugins.PluginConfig PluginConfig
.field com.legendshop.plugins.PluginConfig i18n Ljava/lang/String; _$1
.field com.legendshop.plugins.PluginConfig provider Ljava/lang/String; _$2
.field com.legendshop.plugins.PluginConfig springConfiguration Ljava/lang/String; _$3
.field com.legendshop.plugins.PluginConfig isRequired Z _$4
.field com.legendshop.plugins.PluginConfig description Ljava/lang/String; _$5
.field com.legendshop.plugins.PluginConfig status Lcom/legendshop/plugins/PluginStatusEnum; _$6
.field com.legendshop.plugins.PluginConfig pulginVersion Ljava/lang/String; _$7
.field com.legendshop.plugins.PluginConfig pulginId Ljava/lang/String; _$8
.class com.legendshop.plugins.PluginClassLoader PluginClassLoader
.class com.legendshop.plugins.PluginManager PluginManager
.class com.legendshop.plugins.PluginManagerImpl$ConfigRowMapper llllIIIIIIllIIII
.field com.legendshop.plugins.PluginManagerImpl$ConfigRowMapper this$0 Lcom/legendshop/plugins/PluginManagerImpl; _$1
.class com.legendshop.plugins.PluginManagerImpl$1 lIllIllIllIIIlll
.class com.legendshop.plugins.PluginManagerImpl PluginManagerImpl
.method com.legendshop.plugins.PluginManagerImpl isSystemInstalled ()Z _$1
.field com.legendshop.plugins.PluginManagerImpl plugins Ljava/util/List<Lcom/legendshop/plugins/Plugin;>; _$1
.field com.legendshop.plugins.PluginManagerImpl jdbcTemplate Lorg/springframework/jdbc/core/JdbcTemplate; _$2
.field com.legendshop.plugins.PluginManagerImpl log Lorg/slf4j/Logger; _$3
.class com.legendshop.plugins.PluginRuntimeException PluginRuntimeException
.class com.legendshop.plugins.SimplePlugin SimplePlugin
.field com.legendshop.plugins.SimplePlugin pluginConfig Lcom/legendshop/plugins/PluginConfig; _$1
.class com.legendshop.util.AppUtils AppUtils
.field com.legendshop.util.AppUtils logger Lorg/apache/log4j/Logger; _$1
.class com.legendshop.util.Arith Arith
.field com.legendshop.util.Arith DEF_DIV_SCALE I _$1
.class com.legendshop.util.BeanHelper$ObjectParam IIlllllllIlIllIl
.class com.legendshop.util.BeanHelper BeanHelper
.method com.legendshop.util.BeanHelper getFieldName (Ljava/lang/String;)Ljava/lang/String; _$1
.field com.legendshop.util.BeanHelper nf Ljava/text/NumberFormat; _$1
.field com.legendshop.util.BeanHelper ldf Ljava/text/DateFormat; _$2
.field com.legendshop.util.BeanHelper sdf Ljava/text/DateFormat; _$3
.field com.legendshop.util.BeanHelper log Lorg/apache/commons/logging/Log; _$4
.class com.legendshop.util.BeanUtils BeanUtils
.method com.legendshop.util.BeanUtils handleReflectionException (Ljava/lang/Exception;)V _$1
.field com.legendshop.util.BeanUtils b Lorg/apache/commons/beanutils/BeanUtilsBean; _$1
.class com.legendshop.util.ClassUtil$Queued IIlIllIlIlIllIIl
.field com.legendshop.util.ClassUtil$Queued _packagePath Ljava/lang/String; _$1
.field com.legendshop.util.ClassUtil$Queued _packageURL Ljava/net/URL; _$2
.class com.legendshop.util.ClassUtil$ClassFilter ClassFilter
.class com.legendshop.util.ClassUtil$1 IlllIlIlIlIIIIlI
.class com.legendshop.util.ClassUtil ClassUtil
.method com.legendshop.util.ClassUtil isJarURL (Ljava/net/URL;)Z _$1
.method com.legendshop.util.ClassUtil pathToName (Ljava/lang/String;)Ljava/lang/String; _$1
.method com.legendshop.util.ClassUtil nameToPath (Ljava/lang/String;)Ljava/lang/String; _$2
.method com.legendshop.util.ClassUtil scanJarConnection (Ljava/lang/String;Ljava/util/Collection<Ljava/lang/Class<*>;>;Ljava/util/jar/JarFile;Lcom/legendshop/util/ClassUtil$ClassFilter;)V _$1
.method com.legendshop.util.ClassUtil scan (Ljava/lang/String;Ljava/net/URL;Ljava/util/Collection<Ljava/lang/Class<*>;>;Ljava/util/Stack<Lcom/legendshop/util/ClassUtil$Queued;>;Ljava/lang/ClassLoader;Lcom/legendshop/util/ClassUtil$ClassFilter;)V _$1
.method com.legendshop.util.ClassUtil scanURL (Ljava/lang/String;Ljava/util/Collection<Ljava/lang/Class<*>;>;Ljava/net/URL;Ljava/lang/ClassLoader;Lcom/legendshop/util/ClassUtil$ClassFilter;)V _$1
.method com.legendshop.util.ClassUtil findClassesWithinPath (Ljava/lang/ClassLoader;Ljava/lang/String;Lcom/legendshop/util/ClassUtil$ClassFilter;)Ljava/util/Collection<Ljava/lang/Class<*>;>; _$1
.field com.legendshop.util.ClassUtil primitiveWrapperTypeMap Ljava/util/Map<Ljava/lang/Class<*>;Ljava/lang/Class<*>;>; _$1
.field com.legendshop.util.ClassUtil log Lorg/apache/commons/logging/Log; _$2
.class com.legendshop.util.CodeFilter CodeFilter
.class com.legendshop.util.ServiceLocatorIF ServiceLocatorIF
.class com.legendshop.util.ContextServiceLocator ContextServiceLocator
.field com.legendshop.util.ContextServiceLocator isRefreshed Z _$1
.field com.legendshop.util.ContextServiceLocator context Lorg/springframework/context/ApplicationContext; _$2
.field com.legendshop.util.ContextServiceLocator instance Lcom/legendshop/util/ServiceLocatorIF; _$3
.field com.legendshop.util.ContextServiceLocator log Lorg/slf4j/Logger; _$4
.class com.legendshop.util.CookieUtil CookieUtil
.class com.legendshop.util.DatasourcePropertiesFactory DatasourcePropertiesFactory
.method com.legendshop.util.DatasourcePropertiesFactory encode (Ljava/lang/String;)Ljava/lang/String; _$1
.field com.legendshop.util.DatasourcePropertiesFactory DEFAULT_SECURE_KEY Ljava/lang/String; _$1
.field com.legendshop.util.DatasourcePropertiesFactory PROP_PASSWORD Ljava/lang/String; _$2
.field com.legendshop.util.DatasourcePropertiesFactory PRODUCTION_MODE Ljava/lang/Boolean; _$3
.class com.legendshop.util.DateUtil DateUtil
.class com.legendshop.util.DownloadFileUtil DownloadFileUtil
.field com.legendshop.util.DownloadFileUtil logger Lorg/apache/log4j/Logger; _$1
.field com.legendshop.util.DownloadFileUtil instance Lcom/legendshop/util/DownloadFileUtil; _$2
.class com.legendshop.util.EnvironmentConfig EnvironmentConfig
.method com.legendshop.util.EnvironmentConfig initProperties (Ljava/lang/String;)V _$1
.method com.legendshop.util.EnvironmentConfig writeProperties (Ljava/lang/String;Ljava/lang/String;Ljava/lang/String;)V _$1
.method com.legendshop.util.EnvironmentConfig getProperties (Ljava/lang/String;)Ljava/util/Properties; _$2
.field com.legendshop.util.EnvironmentConfig conFileList [Ljava/lang/String; _$1
.field com.legendshop.util.EnvironmentConfig register Ljava/util/Map<Ljava/lang/String;Ljava/util/Properties;>; _$2
.field com.legendshop.util.EnvironmentConfig ec Lcom/legendshop/util/EnvironmentConfig; _$3
.field com.legendshop.util.EnvironmentConfig logger Lorg/apache/log4j/Logger; _$4
.class com.legendshop.util.FileConfig FileConfig
.class com.legendshop.util.FileTimeWrapper FileTimeWrapper
.field com.legendshop.util.FileTimeWrapper fileName Ljava/lang/String; _$1
.field com.legendshop.util.FileTimeWrapper isFile Ljava/lang/Boolean; _$2
.field com.legendshop.util.FileTimeWrapper file Ljava/io/File; _$3
.class com.legendshop.util.JSONUtil JSONUtil
.class com.legendshop.util.LanguageFilter LanguageFilter
.field com.legendshop.util.LanguageFilter fc Ljavax/servlet/FilterConfig; _$1
.class com.legendshop.util.MD5Util MD5Util
.method com.legendshop.util.MD5Util Decode ([J[BI)V _$1
.method com.legendshop.util.MD5Util Encode ([B[JI)V _$1
.method com.legendshop.util.MD5Util md5Transform ([B)V _$1
.method com.legendshop.util.MD5Util md5Memcpy ([B[BIII)V _$1
.method com.legendshop.util.MD5Util md5Final ()V _$1
.method com.legendshop.util.MD5Util md5Update ([BI)V _$1
.method com.legendshop.util.MD5Util II (JJJJJJJ)J _$1
.method com.legendshop.util.MD5Util HH (JJJJJJJ)J _$2
.method com.legendshop.util.MD5Util GG (JJJJJJJ)J _$3
.method com.legendshop.util.MD5Util FF (JJJJJJJ)J _$4
.method com.legendshop.util.MD5Util I (JJJ)J _$1
.method com.legendshop.util.MD5Util H (JJJ)J _$2
.method com.legendshop.util.MD5Util G (JJJ)J _$3
.method com.legendshop.util.MD5Util F (JJJ)J _$4
.method com.legendshop.util.MD5Util md5Init ()V _$2
.field com.legendshop.util.MD5Util digest [B _$1
.field com.legendshop.util.MD5Util buffer [B _$2
.field com.legendshop.util.MD5Util count [J _$3
.field com.legendshop.util.MD5Util state [J _$4
.field com.legendshop.util.MD5Util PADDING [B _$5
.field com.legendshop.util.MD5Util S44 I _$6
.field com.legendshop.util.MD5Util S43 I _$7
.field com.legendshop.util.MD5Util S42 I _$8
.field com.legendshop.util.MD5Util S41 I _$9
.field com.legendshop.util.MD5Util S34 I _$10
.field com.legendshop.util.MD5Util S33 I _$11
.field com.legendshop.util.MD5Util S32 I _$12
.field com.legendshop.util.MD5Util S31 I _$13
.field com.legendshop.util.MD5Util S24 I _$14
.field com.legendshop.util.MD5Util S23 I _$15
.field com.legendshop.util.MD5Util S22 I _$16
.field com.legendshop.util.MD5Util S21 I _$17
.field com.legendshop.util.MD5Util S14 I _$18
.field com.legendshop.util.MD5Util S13 I _$19
.field com.legendshop.util.MD5Util S12 I _$20
.field com.legendshop.util.MD5Util S11 I _$21
.class com.legendshop.util.PlatFormViewPreparer PlatFormViewPreparer
.class com.legendshop.util.SafeHtml SafeHtml
.method com.legendshop.util.SafeHtml isHrefValid (Ljava/lang/String;)Z _$1
.method com.legendshop.util.SafeHtml isAttributeSafe (Ljava/lang/String;Ljava/lang/String;)Z _$1
.method com.legendshop.util.SafeHtml isAttributeWelcome (Ljava/lang/String;)Z _$2
.method com.legendshop.util.SafeHtml checkAndValidateAttributes (Lorg/htmlparser/Tag;Z)V _$1
.method com.legendshop.util.SafeHtml isTagWelcome (Lorg/htmlparser/Node;)Z _$1
.method com.legendshop.util.SafeHtml splitAndTrim (Ljava/lang/String;Ljava/util/Set;)V _$1
.field com.legendshop.util.SafeHtml allowedProtocols Ljava/util/Set; _$1
.field com.legendshop.util.SafeHtml welcomeAttributes Ljava/util/Set; _$2
.field com.legendshop.util.SafeHtml welcomeTags Ljava/util/Set; _$3
.class com.legendshop.util.SqlServerDialect SqlServerDialect
.class com.legendshop.util.StringConverter StringConverter
.class com.legendshop.util.StringUtil StringUtil
.class com.legendshop.util.SystemUtil SystemUtil
.field com.legendshop.util.SystemUtil systemRealPath Ljava/lang/String; _$1
.class com.legendshop.util.TimerUtil TimerUtil
.field com.legendshop.util.TimerUtil timeType Ljava/lang/String; _$1
.field com.legendshop.util.TimerUtil logger Lorg/apache/log4j/Logger; _$2
.class com.legendshop.util.constant.IntegerEnum IntegerEnum
.class com.legendshop.util.constant.LongEnum LongEnum
.class com.legendshop.util.constant.ProductStatusEnum ProductStatusEnum
.field com.legendshop.util.constant.ProductStatusEnum $VALUES [Lcom/legendshop/util/constant/ProductStatusEnum; _$1
.field com.legendshop.util.constant.ProductStatusEnum num Ljava/lang/Integer; _$2
.class com.legendshop.util.constant.StringEnum StringEnum
.class com.legendshop.util.constant.ProductTypeEnum ProductTypeEnum
.field com.legendshop.util.constant.ProductTypeEnum $VALUES [Lcom/legendshop/util/constant/ProductTypeEnum; _$1
.field com.legendshop.util.constant.ProductTypeEnum value Ljava/lang/String; _$2
.class com.legendshop.util.constant.ShopStatusEnum ShopStatusEnum
.field com.legendshop.util.constant.ShopStatusEnum $VALUES [Lcom/legendshop/util/constant/ShopStatusEnum; _$1
.field com.legendshop.util.constant.ShopStatusEnum num Ljava/lang/Integer; _$2
.class com.legendshop.util.constant.TagTypeEnum TagTypeEnum
.field com.legendshop.util.constant.TagTypeEnum $VALUES [Lcom/legendshop/util/constant/TagTypeEnum; _$1
.field com.legendshop.util.constant.TagTypeEnum value Ljava/lang/String; _$2
.class com.legendshop.util.converter.ByteConverter ByteConverter
.method com.legendshop.util.converter.ByteConverter uniteBytes (BB)B _$1
.field com.legendshop.util.converter.ByteConverter HEX_STRING Ljava/lang/String; _$1
.class com.legendshop.util.converter.ConvertDateUtil ConvertDateUtil
.field com.legendshop.util.converter.ConvertDateUtil timePattern Ljava/lang/String; _$1
.field com.legendshop.util.converter.ConvertDateUtil defaultDatePattern Ljava/lang/String; _$2
.field com.legendshop.util.converter.ConvertDateUtil log Lorg/apache/log4j/Logger; _$3
.class com.legendshop.util.converter.ConvertUtil ConvertUtil
.field com.legendshop.util.converter.ConvertUtil log Lorg/apache/log4j/Logger; _$1
.class com.legendshop.util.converter.CurrencyConverter CurrencyConverter
.field com.legendshop.util.converter.CurrencyConverter log Lorg/apache/log4j/Logger; _$1
.class com.legendshop.util.converter.DateConverter DateConverter
.class com.legendshop.util.converter.TimestampConverter TimestampConverter
.class com.legendshop.util.des.DES2 DES2
.field com.legendshop.util.des.DES2 keyString Ljava/lang/String; _$1
.field com.legendshop.util.des.DES2 decryptorData [B _$2
.field com.legendshop.util.des.DES2 encryptorData [B _$3
.field com.legendshop.util.des.DES2 cipher Ljavax/crypto/Cipher; _$4
.field com.legendshop.util.des.DES2 deskey Ljavax/crypto/SecretKey; _$5
.field com.legendshop.util.des.DES2 keygen Ljavax/crypto/KeyGenerator; _$6
.field com.legendshop.util.des.DES2 Algorithm Ljava/lang/String; _$7
.class com.legendshop.util.handler.AbstractPluginMatcher AbstractPluginMatcher
.class com.legendshop.util.handler.DefaultKeyMap DefaultKeyMap
.field com.legendshop.util.handler.DefaultKeyMap defaultKey Ljava/lang/String; _$1
.class com.legendshop.util.handler.DefaultMapFactoryBean DefaultMapFactoryBean
.field com.legendshop.util.handler.DefaultMapFactoryBean defaultKey Ljava/lang/String; _$1
.class com.legendshop.util.handler.ImportMatcher ImportMatcher
.class com.legendshop.util.handler.NamespaceHandler$ImportDefinitionParser llllIlIlIlIlIIII
.field com.legendshop.util.handler.NamespaceHandler$ImportDefinitionParser this$0 Lcom/legendshop/util/handler/NamespaceHandler; _$1
.class com.legendshop.util.handler.NamespaceHandler$PluginDefinitionParser IlIlIIIIIllIllII
.field com.legendshop.util.handler.NamespaceHandler$PluginDefinitionParser this$0 Lcom/legendshop/util/handler/NamespaceHandler; _$1
.method com.legendshop.util.handler.NamespaceHandler$PluginDefinitionParser parsePluginProperty (Lorg/w3c/dom/Element;Lorg/springframework/beans/factory/config/BeanDefinition;Lcom/legendshop/plugins/PluginConfig;)V _$1
.method com.legendshop.util.handler.NamespaceHandler$PluginDefinitionParser registerPlugin (Lorg/w3c/dom/Element;Lorg/springframework/beans/factory/xml/ParserContext;Ljava/lang/String;Lcom/legendshop/plugins/PluginConfig;)V _$1
.class com.legendshop.util.handler.NamespaceHandler$MapBeanDefinitionParser IlllllIlllIlllll
.class com.legendshop.util.handler.NamespaceHandler$ListBeanDefinitionParser IlIIlIIIlIIIIllI
.class com.legendshop.util.handler.NamespaceHandler$1 lIlllIlIlIIIlIlI
.class com.legendshop.util.handler.NamespaceHandler NamespaceHandler
.method com.legendshop.util.handler.NamespaceHandler access$500 (Lcom/legendshop/util/handler/NamespaceHandler;)Lorg/slf4j/Logger; _$1
.method com.legendshop.util.handler.NamespaceHandler access$400 (Lcom/legendshop/util/handler/NamespaceHandler;Lorg/w3c/dom/Element;Lorg/springframework/beans/factory/xml/ParserContext;Ljava/lang/String;)V _$1
.method com.legendshop.util.handler.NamespaceHandler loadSpringContext (Lorg/w3c/dom/Element;Lorg/springframework/beans/factory/xml/ParserContext;Ljava/lang/String;)V _$1
.field com.legendshop.util.handler.NamespaceHandler SCOPE_ATTRIBUTE Ljava/lang/String; _$1
.field com.legendshop.util.handler.NamespaceHandler logger Lorg/slf4j/Logger; _$2
.class com.legendshop.util.handler.PluginImportMatcher PluginImportMatcher
.class com.legendshop.util.handler.PluginImportServiceMatcher PluginImportServiceMatcher
.field com.legendshop.util.handler.PluginImportServiceMatcher plugin Lcom/legendshop/plugins/Plugin; _$1
.class com.legendshop.util.handler.PluginRepository PluginRepository
.method com.legendshop.util.handler.PluginRepository mapRow (Ljava/sql/ResultSet;)Lcom/legendshop/plugins/PluginConfig; _$1
.field com.legendshop.util.handler.PluginRepository plugins Ljava/util/List<Lcom/legendshop/plugins/Plugin;>; _$1
.field com.legendshop.util.handler.PluginRepository dbPluginConfigList Ljava/util/List<Lcom/legendshop/plugins/PluginConfig;>; _$2
.field com.legendshop.util.handler.PluginRepository instance Lcom/legendshop/util/handler/PluginRepository; _$3
.field com.legendshop.util.handler.PluginRepository log Lorg/slf4j/Logger; _$4
.class com.legendshop.util.ip.IPEntry IPEntry
.class com.legendshop.util.ip.IPSeeker$IPLocation IllllllIlIIllllI
.field com.legendshop.util.ip.IPSeeker$IPLocation this$0 Lcom/legendshop/util/ip/IPSeeker; _$1
.class com.legendshop.util.ip.IPSeeker IPSeeker
.method com.legendshop.util.ip.IPSeeker readString (I)Ljava/lang/String; _$1
.method com.legendshop.util.ip.IPSeeker readString (J)Ljava/lang/String; _$1
.method com.legendshop.util.ip.IPSeeker readArea (I)Ljava/lang/String; _$2
.method com.legendshop.util.ip.IPSeeker readArea (J)Ljava/lang/String; _$2
.method com.legendshop.util.ip.IPSeeker getIPLocation (I)Lcom/legendshop/util/ip/IPSeeker$IPLocation; _$3
.method com.legendshop.util.ip.IPSeeker getIPLocation (J)Lcom/legendshop/util/ip/IPSeeker$IPLocation; _$3
.method com.legendshop.util.ip.IPSeeker getMiddleOffset (JJ)J _$1
.method com.legendshop.util.ip.IPSeeker locateIP ([B)J _$1
.method com.legendshop.util.ip.IPSeeker compareByte (BB)I _$1
.method com.legendshop.util.ip.IPSeeker compareIP ([B[B)I _$1
.method com.legendshop.util.ip.IPSeeker readIP (I[B)V _$1
.method com.legendshop.util.ip.IPSeeker readIP (J[B)V _$1
.method com.legendshop.util.ip.IPSeeker readLong3 ()J _$1
.method com.legendshop.util.ip.IPSeeker readLong3 (J)J _$4
.method com.legendshop.util.ip.IPSeeker readLong4 (J)J _$5
.method com.legendshop.util.ip.IPSeeker getIPLocation ([B)Lcom/legendshop/util/ip/IPSeeker$IPLocation; _$2
.method com.legendshop.util.ip.IPSeeker readInt3 ()I _$2
.method com.legendshop.util.ip.IPSeeker readInt3 (I)I _$4
.field com.legendshop.util.ip.IPSeeker b3 [B _$1
.field com.legendshop.util.ip.IPSeeker b4 [B _$2
.field com.legendshop.util.ip.IPSeeker buf [B _$3
.field com.legendshop.util.ip.IPSeeker loc Lcom/legendshop/util/ip/IPSeeker$IPLocation; _$4
.field com.legendshop.util.ip.IPSeeker ipEnd J _$5
.field com.legendshop.util.ip.IPSeeker ipBegin J _$6
.field com.legendshop.util.ip.IPSeeker instance Lcom/legendshop/util/ip/IPSeeker; _$7
.field com.legendshop.util.ip.IPSeeker mbb Ljava/nio/MappedByteBuffer; _$8
.field com.legendshop.util.ip.IPSeeker ipFile Ljava/io/RandomAccessFile; _$9
.field com.legendshop.util.ip.IPSeeker ipCache Ljava/util/Hashtable; _$10
.field com.legendshop.util.ip.IPSeeker NO_AREA B _$11
.field com.legendshop.util.ip.IPSeeker AREA_FOLLOWED B _$12
.field com.legendshop.util.ip.IPSeeker IP_RECORD_LENGTH I _$13
.field com.legendshop.util.ip.IPSeeker IP_FILE Ljava/lang/String; _$14
.class com.legendshop.util.ip.LocalAddress LocalAddress
.class com.legendshop.util.ip.LocalAddressUtil LocalAddressUtil
.method com.legendshop.util.ip.LocalAddressUtil isInner (JJJ)Z _$1
.method com.legendshop.util.ip.LocalAddressUtil getIpNum (Ljava/lang/String;)J _$1
.class com.legendshop.util.ip.Utils Utils
.class com.legendshop.util.sql.CodeItem CodeItem
.method com.legendshop.util.sql.CodeItem parseXML (Lcom/legendshop/util/xml/Configure;)Ljava/util/Map<Ljava/lang/String;Ljava/lang/String;>; _$1
.field com.legendshop.util.sql.CodeItem lastModifiedTime J _$1
.field com.legendshop.util.sql.CodeItem codeFile Ljava/io/File; _$2
.field com.legendshop.util.sql.CodeItem logger Lorg/apache/log4j/Logger; _$3
.class com.legendshop.util.xml.Configure Configure
.method com.legendshop.util.xml.Configure parse_xml_str (Ljava/lang/String;)V _$1
.method com.legendshop.util.xml.Configure parse_xml (Ljava/io/InputStream;)V _$1
.method com.legendshop.util.xml.Configure parse_xml (Ljava/lang/String;)V _$2
.field com.legendshop.util.xml.Configure curNodes Ljava/util/List<Lorg/dom4j/Node;>; _$1
.field com.legendshop.util.xml.Configure curPath Ljava/lang/String; _$2
.field com.legendshop.util.xml.Configure curNode Lorg/dom4j/Node; _$3
.field com.legendshop.util.xml.Configure root Lorg/dom4j/Document; _$4
.class com.legendshop.util.xml.ConfigException ConfigException
.class com.legendshop.util.sql.ConfigCode ConfigCode
.method com.legendshop.util.sql.ConfigCode isModified ()Z _$1
.method com.legendshop.util.sql.ConfigCode checkObjectAndPut (Ljava/lang/String;Ljava/lang/String;)V _$1
.method com.legendshop.util.sql.ConfigCode initCodeItem (Ljava/lang/String;Lcom/legendshop/util/sql/CodeItem;)V _$1
.method com.legendshop.util.sql.ConfigCode refreshCodeItem (Ljava/lang/String;Lcom/legendshop/util/sql/CodeItem;)V _$2
.method com.legendshop.util.sql.ConfigCode initCodeItem (Ljava/io/InputStream;Lcom/legendshop/util/sql/CodeItem;)V _$1
.method com.legendshop.util.sql.ConfigCode filterPlaceholder ()V _$2
.method com.legendshop.util.sql.ConfigCode afterInitialize ()V _$3
.method com.legendshop.util.sql.ConfigCode init (Ljava/lang/String;)Z _$1
.method com.legendshop.util.sql.ConfigCode isDebugMode ()V _$4
.field com.legendshop.util.sql.ConfigCode confName Ljava/lang/String; _$1
.field com.legendshop.util.sql.ConfigCode dynamicCode Lcom/legendshop/util/sql/DynamicCode; _$2
.field com.legendshop.util.sql.ConfigCode statusMonitor Ljava/lang/Object; _$3
.field com.legendshop.util.sql.ConfigCode initStatus Z _$4
.field com.legendshop.util.sql.ConfigCode lastModifiedTime J _$5
.field com.legendshop.util.sql.ConfigCode mainfile Ljava/io/File; _$6
.field com.legendshop.util.sql.ConfigCode fileNames Ljava/util/Map<Ljava/lang/String;Lcom/legendshop/util/sql/CodeItem;>; _$7
.field com.legendshop.util.sql.ConfigCode parameters Ljava/util/Map<Ljava/lang/String;Ljava/lang/String;>; _$8
.field com.legendshop.util.sql.ConfigCode debug Z _$9
.field com.legendshop.util.sql.ConfigCode configCode Lcom/legendshop/util/sql/ConfigCode; _$10
.field com.legendshop.util.sql.ConfigCode DAL_VERSION Ljava/lang/String; _$11
.field com.legendshop.util.sql.ConfigCode logger Lorg/apache/log4j/Logger; _$12
.class com.legendshop.util.sql.DynamicCode DynamicCode
.method com.legendshop.util.sql.DynamicCode testNumber (Lcom/legendshop/util/sql/DynamicCode;)V _$1
.method com.legendshop.util.sql.DynamicCode getSubString (Ljava/lang/String;Ljava/lang/String;Ljava/lang/String;)Ljava/lang/String; _$1
.method com.legendshop.util.sql.DynamicCode replaceParameter (Ljava/lang/String;Ljava/util/Map<Ljava/lang/String;Ljava/lang/Object;>;)Ljava/lang/String; _$1
.field com.legendshop.util.sql.DynamicCode DEFAULT_PATTERN Ljava/lang/String; _$1
.field com.legendshop.util.sql.DynamicCode SUFFIX_PATTERN Ljava/lang/String; _$2
.field com.legendshop.util.sql.DynamicCode PREFIX_PATTERN Ljava/lang/String; _$3
.field com.legendshop.util.sql.DynamicCode QUESTION_MARK_PATTERN Ljava/lang/String; _$4
.field com.legendshop.util.sql.DynamicCode NO_REPLACE_PATTERN Ljava/lang/String; _$5
.field com.legendshop.util.sql.DynamicCode BLOCK_PATTERN Ljava/lang/String; _$6
.field com.legendshop.util.sql.DynamicCode PLACEHOLDER_PATTERN Ljava/lang/String; _$7
.field com.legendshop.util.sql.DynamicCode $PARAM_PATTERN Ljava/lang/String; _$8
.field com.legendshop.util.sql.DynamicCode logger Lorg/apache/log4j/Logger; _$9
.class com.legendshop.util.sql.ObjectSignature ObjectSignature
.class com.legendshop.util.sql.ParamsMap ParamsMap
.class com.legendshop.util.uid.RandomNumber RandomNumber
.field com.legendshop.util.uid.RandomNumber random Ljava/util/Random; _$1
.field com.legendshop.util.uid.RandomNumber datas [I _$2
.field com.legendshop.util.uid.RandomNumber number I _$3
.field com.legendshop.util.uid.RandomNumber total I _$4
.class com.legendshop.util.uid.UID UID
.method com.legendshop.util.uid.UID getHostUniqueNum ()I _$1
.field com.legendshop.util.uid.UID ONE_SECOND J _$1
.field com.legendshop.util.uid.UID mutex Ljava/lang/Object; _$2
.field com.legendshop.util.uid.UID lastCount S _$3
.field com.legendshop.util.uid.UID lastTime J _$4
.class com.legendshop.util.uid.UIDGenerator UIDGenerator
.method com.legendshop.util.uid.UIDGenerator getHostUniqueNum ()I _$1
.field com.legendshop.util.uid.UIDGenerator sep Ljava/lang/String; _$1
.field com.legendshop.util.uid.UIDGenerator ONE_SECOND J _$2
.field com.legendshop.util.uid.UIDGenerator mutex Ljava/lang/Object; _$3
.field com.legendshop.util.uid.UIDGenerator lastCount S _$4
.field com.legendshop.util.uid.UIDGenerator lastTime J _$5
.class com.legendshop.util.uid.UUIDGenerator UUIDGenerator
.field com.legendshop.util.uid.UUIDGenerator JVM I _$1
.field com.legendshop.util.uid.UUIDGenerator counter S _$2
.field com.legendshop.util.uid.UUIDGenerator IP I _$3
.class com.legendshop.test.ClassLoaderTest ClassLoaderTest
.class com.legendshop.test.DynamicURLClassLoader DynamicURLClassLoader
.class com.legendshop.test.EMFMain$1 IIIlIlIIllIIlIIl
.class com.legendshop.test.EMFMain$2 lIIlIlIIllIIlIIl
.class com.legendshop.test.EMFMain EMFMain
.method com.legendshop.test.EMFMain loadLibraries ()V _$1
.method com.legendshop.test.EMFMain loadProperties ()V _$2
.field com.legendshop.test.EMFMain dLoader Lcom/legendshop/test/DynamicURLClassLoader; _$1
.field com.legendshop.test.EMFMain emfHome Ljava/io/File; _$2
.class com.legendshop.test.EMFServer EMFServer
.field com.legendshop.test.EMFServer running Z _$1
.field com.legendshop.test.EMFServer appCtx Lorg/springframework/context/support/GenericApplicationContext; _$2
